<?xml version="1.0" encoding="UTF-8"?>
<!-- Generated by org.testng.reporters.JUnitReportReporter -->
<testsuite hostname="LENOVO-PC" failures="0" tests="1" name="Academy.ValidatetitleNavigationbr" time="2.977" errors="0" timestamp="06 Aug 2022 13:03:36 GMT" skipped="0">
  <testcase classname="Academy.ValidatetitleNavigationbr" name="basepagenavigation" time="2.977"/>
</testsuite> <!-- Academy.ValidatetitleNavigationbr -->
