<?xml version="1.0" encoding="UTF-8"?>
<!-- Generated by org.testng.reporters.JUnitReportReporter -->
<testsuite hostname="LENOVO-PC" failures="0" tests="1" name="RSAtest" time="70.900" errors="0" timestamp="2022-08-07T15:28:40 IST" skipped="0">
  <testcase classname="RSAtest" name="Homepagecheck" time="70.900"/>
  <system-out/>
</testsuite> <!-- RSAtest -->
