<?xml version="1.0" encoding="UTF-8"?>
<!-- Generated by org.testng.reporters.JUnitReportReporter -->
<testsuite hostname="LENOVO-PC" failures="0" tests="1" name="rahulshettyacademy.ExtentReport.ExtentreportDemo" time="16.680" errors="0" timestamp="2022-08-04T15:48:02 IST" skipped="0">
  <testcase classname="rahulshettyacademy.ExtentReport.ExtentreportDemo" name="InitialDemo" time="16.680"/>
  <system-out/>
</testsuite> <!-- rahulshettyacademy.ExtentReport.ExtentreportDemo -->
