<?xml version="1.0" encoding="UTF-8"?>
<!-- Generated by org.testng.reporters.JUnitReportReporter -->
<testsuite hostname="LENOVO-PC" failures="0" tests="2" name="qaclickacademy.AppiumTest" time="0.111" errors="0" timestamp="03 Aug 2022 18:08:36 GMT" skipped="0">
  <testcase classname="qaclickacademy.AppiumTest" name="IOSapp" time="0.029"/>
  <testcase classname="qaclickacademy.AppiumTest" name="Nativeappandroid" time="0.082"/>
</testsuite> <!-- qaclickacademy.AppiumTest -->
