<?xml version="1.0" encoding="UTF-8"?>
<!-- Generated by org.testng.reporters.JUnitReportReporter -->
<testsuite hostname="LENOVO-PC" failures="0" tests="2" name="qaclickacademy.SeleniumTest" time="0.001" errors="0" timestamp="03 Aug 2022 18:08:36 GMT" skipped="0">
  <testcase classname="qaclickacademy.SeleniumTest" name="ElementUi" time="0.000"/>
  <testcase classname="qaclickacademy.SeleniumTest" name="Browserautomation" time="0.001"/>
</testsuite> <!-- qaclickacademy.SeleniumTest -->
