<?xml version="1.0" encoding="UTF-8"?>
<!-- Generated by org.testng.reporters.JUnitReportReporter -->
<testsuite hostname="LENOVO-PC" failures="0" tests="2" name="qaclickacademy.RestApiTest" time="0.002" errors="0" timestamp="03 Aug 2022 18:07:59 GMT" skipped="0">
  <testcase classname="qaclickacademy.RestApiTest" name="Postjira" time="0.001"/>
  <testcase classname="qaclickacademy.RestApiTest" name="deletetwitter" time="0.001"/>
</testsuite> <!-- qaclickacademy.RestApiTest -->
