<?xml version="1.0" encoding="UTF-8"?>
<!-- Generated by org.testng.reporters.JUnitReportReporter -->
<testsuite hostname="LENOVO-PC" failures="0" tests="2" name="test.Day1" time="0.022" errors="0" timestamp="2022-08-01T23:55:40 IST" skipped="0">
  <testcase classname="test.Day1" name="demo" time="0.018"/>
  <system-out/>
  <testcase classname="test.Day1" name="demo1" time="0.004"/>
  <system-out/>
</testsuite> <!-- test.Day1 -->
