<?xml version="1.0" encoding="UTF-8"?>
<!-- Generated by org.testng.reporters.JUnitReportReporter -->
<testsuite hostname="LENOVO-PC" failures="0" tests="4" name="test.Day2" time="0.011" errors="0" timestamp="2022-08-01T23:55:40 IST" skipped="1">
  <testcase classname="test.Day2" name="demo2" time="0.003"/>
  <system-out/>
  <testcase classname="test.Day2" name="ademo5" time="0.002"/>
  <system-out/>
  <testcase classname="test.Day2" name="vdemo" time="0.006"/>
  <system-out/>
  <testcase classname="test.Day2" name="demo3">
    <skipped/>
  </testcase> <!-- demo3 -->
  <system-out/>
</testsuite> <!-- test.Day2 -->
