<?xml version="1.0" encoding="UTF-8"?>
<!-- Generated by org.testng.reporters.JUnitReportReporter -->
<testsuite hostname="LENOVO-PC" failures="0" tests="1" name="test.Day4" time="0.005" errors="0" timestamp="2022-08-01T23:55:40 IST" skipped="0">
  <testcase classname="test.Day4" name="APIloginhomeloan" time="0.005"/>
  <system-out/>
</testsuite> <!-- test.Day4 -->
