<?xml version="1.0" encoding="UTF-8"?>
<!-- Generated by org.testng.reporters.JUnitReportReporter -->
<testsuite hostname="LENOVO-PC" failures="0" tests="5" name="test.Day3" time="0.010" errors="0" timestamp="2022-08-01T23:55:40 IST" skipped="0">
  <testcase classname="test.Day3" name="MobileloginCarloan" time="0.002"/>
  <system-out/>
  <testcase classname="test.Day3" name="APIloginCarloan" time="0.001"/>
  <system-out/>
  <testcase classname="test.Day3" name="WebloginCarloan" time="0.002"/>
  <system-out/>
  <testcase classname="test.Day3" name="MobileloginCarloan" time="0.002"/>
  <system-out/>
  <testcase classname="test.Day3" name="MobileloginCarloan" time="0.003"/>
  <system-out/>
</testsuite> <!-- test.Day3 -->
