<?xml version="1.0" encoding="UTF-8"?>
<!-- Generated by org.testng.reporters.JUnitReportReporter -->
<testsuite hostname="LENOVO-PC" failures="0" tests="1" name="test.Scenario3" time="125.975" errors="0" timestamp="2022-08-22T23:06:16 IST" skipped="0">
  <testcase classname="test.Scenario3" name="Scenario" time="125.975"/>
  <system-out/>
</testsuite> <!-- test.Scenario3 -->
