<?xml version="1.0" encoding="UTF-8"?>
<!-- Generated by org.testng.reporters.JUnitReportReporter -->
<testsuite hostname="LENOVO-PC" failures="0" tests="1" name="test.Scenario1" time="107.906" errors="0" timestamp="2022-08-22T23:06:16 IST" skipped="0">
  <testcase classname="test.Scenario1" name="Scenrio1" time="107.906"/>
  <system-out/>
</testsuite> <!-- test.Scenario1 -->
